[ 2025-03-17 19:24:20,257 ] 1025 httpx - INFO - HTTP Request: GET https://dagshub.com/api/v1/user "HTTP/1.1 200 OK"
[ 2025-03-17 19:24:20,264 ] 107 dagshub - INFO - Accessing as smithpriyanshu12
[ 2025-03-17 19:24:21,310 ] 1025 httpx - INFO - HTTP Request: GET https://dagshub.com/api/v1/repos/smithpriyanshu12/Network_Security "HTTP/1.1 200 OK"
[ 2025-03-17 19:24:21,920 ] 1025 httpx - INFO - HTTP Request: GET https://dagshub.com/api/v1/user "HTTP/1.1 200 OK"
[ 2025-03-17 19:24:21,922 ] 107 dagshub - INFO - Initialized MLflow to track repo "smithpriyanshu12/Network_Security"
[ 2025-03-17 19:24:21,922 ] 107 dagshub - INFO - Repository smithpriyanshu12/Network_Security initialized!
[ 2025-03-17 19:24:59,964 ] 38 root - INFO - Start data Ingestion
[ 2025-03-17 19:25:03,364 ] 65 root - INFO - Performed train test split on the dataframe
[ 2025-03-17 19:25:03,364 ] 67 root - INFO - Exited split_data_as_train_test method of Data_Ingestion class
[ 2025-03-17 19:25:03,364 ] 75 root - INFO - Exporting train and test file path.
[ 2025-03-17 19:25:03,470 ] 84 root - INFO - Exported train and test file path.
[ 2025-03-17 19:25:03,472 ] 41 root - INFO - Data Ingestion completed and artifact: DataIngestionArtifact(trained_file_path='Artifacts\\03_17_2025_19_24_13\\data_ingestion\\ingested\\train.csv', test_file_path='Artifacts\\03_17_2025_19_24_13\\data_ingestion\\ingested\\test.csv')
[ 2025-03-17 19:25:03,482 ] 51 root - INFO - Initiate the data Validation
[ 2025-03-17 19:25:03,523 ] 32 root - INFO - Required number of columns:31
[ 2025-03-17 19:25:03,523 ] 33 root - INFO - Data frame has columns:31
[ 2025-03-17 19:25:03,523 ] 32 root - INFO - Required number of columns:31
[ 2025-03-17 19:25:03,523 ] 33 root - INFO - Data frame has columns:31
[ 2025-03-17 19:25:03,744 ] 63 root - INFO - Entered initiate_data_transformation method of DataTransformation class
[ 2025-03-17 19:25:03,789 ] 48 root - INFO - Entered get_data_trnasformer_object method of Transformation class
[ 2025-03-17 19:25:03,789 ] 53 root - INFO - Initialise KNNImputer with {'missing_values': nan, 'n_neighbors': 3, 'weights': 'uniform'}
[ 2025-03-17 19:25:03,809 ] 46 root - INFO - Entered the save_object method of MainUtils class
[ 2025-03-17 19:25:03,811 ] 50 root - INFO - Exited the save_object method of MainUtils class
[ 2025-03-17 19:25:03,811 ] 46 root - INFO - Entered the save_object method of MainUtils class
[ 2025-03-17 19:25:03,817 ] 50 root - INFO - Exited the save_object method of MainUtils class
[ 2025-03-17 19:29:12,677 ] 46 root - INFO - Entered the save_object method of MainUtils class
[ 2025-03-17 19:29:12,677 ] 50 root - INFO - Exited the save_object method of MainUtils class
[ 2025-03-17 19:29:12,677 ] 46 root - INFO - Entered the save_object method of MainUtils class
[ 2025-03-17 19:29:12,738 ] 50 root - INFO - Exited the save_object method of MainUtils class
[ 2025-03-17 19:29:12,738 ] 138 root - INFO - Model trainer artifact: ModelTrainerArtifact(trained_model_file_path='Artifacts\\03_17_2025_19_24_13\\model_trainer\\trained_model\\model.pkl', train_metric_artifact=ClassificationMetricArtifact(f1_score=0.9909580412475871, precision_score=0.9890488744676537, recall_score=0.9928745928338762), test_metric_artifact=ClassificationMetricArtifact(f1_score=0.97514033680834, precision_score=0.9735788630904724, recall_score=0.976706827309237))
