[ 2025-03-17 19:39:33,967 ] 1025 httpx - INFO - HTTP Request: GET https://dagshub.com/api/v1/user "HTTP/1.1 200 OK"
[ 2025-03-17 19:39:33,972 ] 107 dagshub - INFO - Accessing as smithpriyanshu12
[ 2025-03-17 19:39:34,553 ] 1025 httpx - INFO - HTTP Request: GET https://dagshub.com/api/v1/repos/smithpriyanshu12/Network_Security "HTTP/1.1 200 OK"
[ 2025-03-17 19:39:35,171 ] 1025 httpx - INFO - HTTP Request: GET https://dagshub.com/api/v1/user "HTTP/1.1 200 OK"
[ 2025-03-17 19:39:35,178 ] 107 dagshub - INFO - Initialized MLflow to track repo "smithpriyanshu12/Network_Security"
[ 2025-03-17 19:39:35,187 ] 107 dagshub - INFO - Repository smithpriyanshu12/Network_Security initialized!
[ 2025-03-17 19:41:31,668 ] 38 root - INFO - Start data Ingestion
[ 2025-03-17 19:41:37,331 ] 65 root - INFO - Performed train test split on the dataframe
[ 2025-03-17 19:41:37,331 ] 67 root - INFO - Exited split_data_as_train_test method of Data_Ingestion class
[ 2025-03-17 19:41:37,331 ] 75 root - INFO - Exporting train and test file path.
[ 2025-03-17 19:41:37,581 ] 84 root - INFO - Exported train and test file path.
[ 2025-03-17 19:41:37,581 ] 41 root - INFO - Data Ingestion completed and artifact: DataIngestionArtifact(trained_file_path='Artifacts\\03_17_2025_19_39_29\\data_ingestion\\ingested\\train.csv', test_file_path='Artifacts\\03_17_2025_19_39_29\\data_ingestion\\ingested\\test.csv')
[ 2025-03-17 19:41:37,603 ] 51 root - INFO - Initiate the data Validation
[ 2025-03-17 19:41:37,666 ] 32 root - INFO - Required number of columns:31
[ 2025-03-17 19:41:37,666 ] 33 root - INFO - Data frame has columns:31
[ 2025-03-17 19:41:37,666 ] 32 root - INFO - Required number of columns:31
[ 2025-03-17 19:41:37,666 ] 33 root - INFO - Data frame has columns:31
[ 2025-03-17 19:41:38,239 ] 63 root - INFO - Entered initiate_data_transformation method of DataTransformation class
[ 2025-03-17 19:41:38,304 ] 48 root - INFO - Entered get_data_trnasformer_object method of Transformation class
[ 2025-03-17 19:41:38,304 ] 53 root - INFO - Initialise KNNImputer with {'missing_values': nan, 'n_neighbors': 3, 'weights': 'uniform'}
[ 2025-03-17 19:41:38,356 ] 46 root - INFO - Entered the save_object method of MainUtils class
[ 2025-03-17 19:41:38,359 ] 50 root - INFO - Exited the save_object method of MainUtils class
[ 2025-03-17 19:41:38,362 ] 46 root - INFO - Entered the save_object method of MainUtils class
[ 2025-03-17 19:41:38,367 ] 50 root - INFO - Exited the save_object method of MainUtils class
[ 2025-03-17 19:43:54,052 ] 46 root - INFO - Entered the save_object method of MainUtils class
[ 2025-03-17 19:43:54,052 ] 50 root - INFO - Exited the save_object method of MainUtils class
[ 2025-03-17 19:43:54,052 ] 46 root - INFO - Entered the save_object method of MainUtils class
[ 2025-03-17 19:43:54,062 ] 50 root - INFO - Exited the save_object method of MainUtils class
[ 2025-03-17 19:43:54,062 ] 138 root - INFO - Model trainer artifact: ModelTrainerArtifact(trained_model_file_path='Artifacts\\03_17_2025_19_39_29\\model_trainer\\trained_model\\model.pkl', train_metric_artifact=ClassificationMetricArtifact(f1_score=0.9912990692027519, precision_score=0.9875025196532957, recall_score=0.9951249238269348), test_metric_artifact=ClassificationMetricArtifact(f1_score=0.9732961339178956, precision_score=0.9576470588235294, recall_score=0.9894651539708266))
