[ 2025-03-17 16:28:49,138 ] 1025 httpx - INFO - HTTP Request: GET https://dagshub.com/api/v1/user "HTTP/1.1 200 OK"
[ 2025-03-17 16:28:49,138 ] 107 dagshub - INFO - Accessing as smithpriyanshu12
[ 2025-03-17 16:28:50,404 ] 1025 httpx - INFO - HTTP Request: GET https://dagshub.com/api/v1/repos/smithpriyanshu12/Network_Security "HTTP/1.1 200 OK"
[ 2025-03-17 16:28:51,283 ] 1025 httpx - INFO - HTTP Request: GET https://dagshub.com/api/v1/user "HTTP/1.1 200 OK"
[ 2025-03-17 16:28:51,290 ] 107 dagshub - INFO - Initialized MLflow to track repo "smithpriyanshu12/Network_Security"
[ 2025-03-17 16:28:51,296 ] 107 dagshub - INFO - Repository smithpriyanshu12/Network_Security initialized!
[ 2025-03-17 16:30:32,473 ] 38 root - INFO - Start data Ingestion
[ 2025-03-17 16:30:36,157 ] 65 root - INFO - Performed train test split on the dataframe
[ 2025-03-17 16:30:36,158 ] 67 root - INFO - Exited split_data_as_train_test method of Data_Ingestion class
[ 2025-03-17 16:30:36,158 ] 75 root - INFO - Exporting train and test file path.
[ 2025-03-17 16:30:36,433 ] 84 root - INFO - Exported train and test file path.
[ 2025-03-17 16:30:36,433 ] 41 root - INFO - Data Ingestion completed and artifact: DataIngestionArtifact(trained_file_path='Artifacts\\03_17_2025_16_28_43\\data_ingestion\\ingested\\train.csv', test_file_path='Artifacts\\03_17_2025_16_28_43\\data_ingestion\\ingested\\test.csv')
[ 2025-03-17 16:30:36,482 ] 51 root - INFO - Initiate the data Validation
[ 2025-03-17 16:30:36,624 ] 32 root - INFO - Required number of columns:31
[ 2025-03-17 16:30:36,628 ] 33 root - INFO - Data frame has columns:31
[ 2025-03-17 16:30:36,628 ] 32 root - INFO - Required number of columns:31
[ 2025-03-17 16:30:36,628 ] 33 root - INFO - Data frame has columns:31
[ 2025-03-17 16:30:37,257 ] 63 root - INFO - Entered initiate_data_transformation method of DataTransformation class
[ 2025-03-17 16:30:37,347 ] 48 root - INFO - Entered get_data_trnasformer_object method of Transformation class
[ 2025-03-17 16:30:37,347 ] 53 root - INFO - Initialise KNNImputer with {'missing_values': nan, 'n_neighbors': 3, 'weights': 'uniform'}
[ 2025-03-17 16:30:37,393 ] 46 root - INFO - Entered the save_object method of MainUtils class
[ 2025-03-17 16:30:37,399 ] 50 root - INFO - Exited the save_object method of MainUtils class
[ 2025-03-17 16:30:37,399 ] 46 root - INFO - Entered the save_object method of MainUtils class
[ 2025-03-17 16:30:37,408 ] 50 root - INFO - Exited the save_object method of MainUtils class
[ 2025-03-17 16:33:52,360 ] 46 root - INFO - Entered the save_object method of MainUtils class
[ 2025-03-17 16:33:52,360 ] 50 root - INFO - Exited the save_object method of MainUtils class
[ 2025-03-17 16:33:52,360 ] 46 root - INFO - Entered the save_object method of MainUtils class
[ 2025-03-17 16:33:52,400 ] 50 root - INFO - Exited the save_object method of MainUtils class
[ 2025-03-17 16:33:52,400 ] 138 root - INFO - Model trainer artifact: ModelTrainerArtifact(trained_model_file_path='Artifacts\\03_17_2025_16_28_43\\model_trainer\\trained_model\\model.pkl', train_metric_artifact=ClassificationMetricArtifact(f1_score=0.9914338160310014, precision_score=0.9904237978810106, recall_score=0.9924458962841977), test_metric_artifact=ClassificationMetricArtifact(f1_score=0.9754358161648178, precision_score=0.9731225296442688, recall_score=0.977760127084988))
[ 2025-03-17 16:35:42,571 ] 38 root - INFO - Start data Ingestion
[ 2025-03-17 16:35:44,871 ] 65 root - INFO - Performed train test split on the dataframe
[ 2025-03-17 16:35:44,871 ] 67 root - INFO - Exited split_data_as_train_test method of Data_Ingestion class
[ 2025-03-17 16:35:44,872 ] 75 root - INFO - Exporting train and test file path.
[ 2025-03-17 16:35:44,963 ] 84 root - INFO - Exported train and test file path.
[ 2025-03-17 16:35:44,964 ] 41 root - INFO - Data Ingestion completed and artifact: DataIngestionArtifact(trained_file_path='Artifacts\\03_17_2025_16_28_43\\data_ingestion\\ingested\\train.csv', test_file_path='Artifacts\\03_17_2025_16_28_43\\data_ingestion\\ingested\\test.csv')
[ 2025-03-17 16:35:44,981 ] 51 root - INFO - Initiate the data Validation
[ 2025-03-17 16:35:45,023 ] 32 root - INFO - Required number of columns:31
[ 2025-03-17 16:35:45,024 ] 33 root - INFO - Data frame has columns:31
[ 2025-03-17 16:35:45,024 ] 32 root - INFO - Required number of columns:31
[ 2025-03-17 16:35:45,024 ] 33 root - INFO - Data frame has columns:31
[ 2025-03-17 16:35:45,292 ] 63 root - INFO - Entered initiate_data_transformation method of DataTransformation class
[ 2025-03-17 16:35:45,320 ] 48 root - INFO - Entered get_data_trnasformer_object method of Transformation class
[ 2025-03-17 16:35:45,320 ] 53 root - INFO - Initialise KNNImputer with {'missing_values': nan, 'n_neighbors': 3, 'weights': 'uniform'}
[ 2025-03-17 16:35:45,339 ] 46 root - INFO - Entered the save_object method of MainUtils class
[ 2025-03-17 16:35:45,341 ] 50 root - INFO - Exited the save_object method of MainUtils class
[ 2025-03-17 16:35:45,341 ] 46 root - INFO - Entered the save_object method of MainUtils class
[ 2025-03-17 16:35:45,344 ] 50 root - INFO - Exited the save_object method of MainUtils class
